11:12:17.892 [TestNG-tests-2] DEBUG io.netty.buffer.PooledByteBufAllocator - -Dio.netty.allocator.pageSize: 8192
11:12:17.904 [TestNG-tests-2] DEBUG io.netty.buffer.PooledByteBufAllocator - -Dio.netty.allocator.maxOrder: 9
11:12:17.904 [TestNG-tests-2] DEBUG io.netty.buffer.PooledByteBufAllocator - -Dio.netty.allocator.chunkSize: 4194304
11:12:17.904 [TestNG-tests-2] DEBUG io.netty.buffer.PooledByteBufAllocator - -Dio.netty.allocator.smallCacheSize: 256
11:12:17.905 [TestNG-tests-2] DEBUG io.netty.buffer.PooledByteBufAllocator - -Dio.netty.allocator.normalCacheSize: 64
11:12:17.905 [TestNG-tests-2] DEBUG io.netty.buffer.PooledByteBufAllocator - -Dio.netty.allocator.maxCachedBufferCapacity: 32768
11:12:17.906 [TestNG-tests-2] DEBUG io.netty.buffer.PooledByteBufAllocator - -Dio.netty.allocator.cacheTrimInterval: 8192
11:12:17.907 [TestNG-tests-2] DEBUG io.netty.buffer.PooledByteBufAllocator - -Dio.netty.allocator.cacheTrimIntervalMillis: 0
11:12:17.907 [TestNG-tests-2] DEBUG io.netty.buffer.PooledByteBufAllocator - -Dio.netty.allocator.useCacheForAllThreads: false
11:12:17.908 [TestNG-tests-2] DEBUG io.netty.buffer.PooledByteBufAllocator - -Dio.netty.allocator.maxCachedByteBuffersPerChunk: 1023
11:12:18.007 [TestNG-tests-2] DEBUG io.netty.buffer.ByteBufUtil - -Dio.netty.allocator.type: pooled
11:12:18.008 [TestNG-tests-2] DEBUG io.netty.buffer.ByteBufUtil - -Dio.netty.threadLocalDirectBufferSize: 0
11:12:18.009 [TestNG-tests-2] DEBUG io.netty.buffer.ByteBufUtil - -Dio.netty.maxThreadLocalCharBufferSize: 16384
11:12:22.813 [Forwarding newSession on session null to remote] DEBUG io.netty.channel.DefaultChannelId - -Dio.netty.processId: 5124 (auto-detected)
11:12:22.824 [Forwarding newSession on session null to remote] DEBUG io.netty.util.NetUtil - -Djava.net.preferIPv4Stack: false
11:12:22.824 [Forwarding newSession on session null to remote] DEBUG io.netty.util.NetUtil - -Djava.net.preferIPv6Addresses: false
11:12:23.688 [Forwarding newSession on session null to remote] DEBUG io.netty.util.NetUtilInitializations - Loopback interface: lo (Software Loopback Interface 1, 127.0.0.1)
11:12:23.693 [Forwarding newSession on session null to remote] DEBUG io.netty.util.NetUtil - Failed to get SOMAXCONN from sysctl and file \proc\sys\net\core\somaxconn. Default: 200
11:12:23.731 [Forwarding newSession on session null to remote] DEBUG io.netty.channel.DefaultChannelId - -Dio.netty.machineId: 34:de:1a:ff:fe:ec:c0:34 (auto-detected)
11:12:24.004 [AsyncHttpClient-1-4] DEBUG io.netty.buffer.AbstractByteBuf - -Dio.netty.buffer.checkAccessible: true
11:12:24.006 [AsyncHttpClient-1-4] DEBUG io.netty.buffer.AbstractByteBuf - -Dio.netty.buffer.checkBounds: true
11:12:24.007 [AsyncHttpClient-1-4] DEBUG io.netty.util.ResourceLeakDetectorFactory - Loaded default ResourceLeakDetector: io.netty.util.ResourceLeakDetector@6db1ef07
11:12:24.177 [AsyncHttpClient-1-6] DEBUG io.netty.util.Recycler - -Dio.netty.recycler.maxCapacityPerThread: 4096
11:12:24.178 [AsyncHttpClient-1-6] DEBUG io.netty.util.Recycler - -Dio.netty.recycler.ratio: 8
11:12:24.179 [AsyncHttpClient-1-6] DEBUG io.netty.util.Recycler - -Dio.netty.recycler.chunkSize: 32
11:12:24.179 [AsyncHttpClient-1-6] DEBUG io.netty.util.Recycler - -Dio.netty.recycler.blocking: false
11:12:24.179 [AsyncHttpClient-1-6] DEBUG io.netty.util.Recycler - -Dio.netty.recycler.batchFastThreadLocalOnly: true
11:12:42.307 [AsyncHttpClient-1-3] DEBUG io.netty.handler.codec.compression.Brotli - brotli4j not in the classpath; Brotli support will be unavailable.
11:12:43.364 [TestNG-tests-4] DEBUG io.netty.util.internal.ThreadLocalRandom - -Dio.netty.initialSeedUniquifier: 0x50d8c7199b1c0113
11:12:52.279 [TestNG-tests-4] DEBUG com.tests.LoginTest - Navigated to application URL
11:12:52.868 [TestNG-tests-4] DEBUG com.tests.LoginTest - Clicked on My Account dropdown
11:12:54.327 [TestNG-tests-4] DEBUG com.tests.LoginTest - Clicked on login option
11:12:58.574 [TestNG-tests-4] DEBUG com.tests.LoginTest - Email addressed got entered
11:12:59.202 [TestNG-tests-4] DEBUG com.tests.LoginTest - Password got entered
11:13:01.010 [TestNG-tests-4] DEBUG com.tests.LoginTest - Clicked on Login Button
11:13:02.145 [TestNG-tests-4] DEBUG com.tests.LoginTest - User got logged in
11:13:02.146 [TestNG-tests-4] INFO  com.tests.LoginTest - Login Test got passed
11:13:03.640 [TestNG-tests-4] DEBUG com.tests.LoginTest - Browser got closed
